\BOOKMARK [1][-]{section.1}{Tabla}{}% 1
\BOOKMARK [2][-]{subsection.1.1}{Interfaz}{section.1}% 2
\BOOKMARK [2][-]{subsection.1.2}{Representaci\363n}{section.1}% 3
\BOOKMARK [2][-]{subsection.1.3}{Algoritmos}{section.1}% 4
\BOOKMARK [2][-]{subsection.1.4}{Algoritmos operaciones auxiliares}{section.1}% 5
\BOOKMARK [1][-]{section.2}{Diccionario por Naturales}{}% 6
\BOOKMARK [2][-]{subsection.2.1}{Interfaz}{section.2}% 7
\BOOKMARK [2][-]{subsection.2.2}{Representaci\363n}{section.2}% 8
\BOOKMARK [2][-]{subsection.2.3}{Algoritmos}{section.2}% 9
\BOOKMARK [1][-]{section.3}{Conjunto en Promedio Logaritmico}{}% 10
\BOOKMARK [2][-]{subsection.3.1}{Interfaz}{section.3}% 11
\BOOKMARK [2][-]{subsection.3.2}{Representaci\363n}{section.3}% 12
\BOOKMARK [2][-]{subsection.3.3}{Algoritmos}{section.3}% 13
\BOOKMARK [1][-]{section.4}{Modulo Diccionario Lexicografico\(String, \)}{}% 14
\BOOKMARK [2][-]{subsection.4.1}{Interfaz}{section.4}% 15
\BOOKMARK [2][-]{subsection.4.2}{Operaciones basicas de diccionario}{section.4}% 16
\BOOKMARK [2][-]{subsection.4.3}{Operaciones del iterador}{section.4}% 17
\BOOKMARK [2][-]{subsection.4.4}{Representacion}{section.4}% 18
\BOOKMARK [2][-]{subsection.4.5}{Algoritmos}{section.4}% 19
\BOOKMARK [1][-]{section.5}{Modulo Conjunto Lexicografico}{}% 20
\BOOKMARK [2][-]{subsection.5.1}{Interfaz}{section.5}% 21
\BOOKMARK [2][-]{subsection.5.2}{Representacion}{section.5}% 22
\BOOKMARK [2][-]{subsection.5.3}{Algoritmos}{section.5}% 23
\BOOKMARK [1][-]{section.6}{Base de Datos}{}% 24
\BOOKMARK [2][-]{subsection.6.1}{Interfaz}{section.6}% 25
\BOOKMARK [2][-]{subsection.6.2}{Representaci\363n}{section.6}% 26
\BOOKMARK [2][-]{subsection.6.3}{Algoritmos}{section.6}% 27
